<?xml version="1.0" encoding="UTF-8"?>
<testsuite xmlns:xsi="http://www.w3.org/2001/XMLSchema-instance" xsi:noNamespaceSchemaLocation="https://maven.apache.org/surefire/maven-surefire-plugin/xsd/surefire-test-report.xsd" version="3.0.1" name="com.example.CalculatorTest" time="0.02" tests="3" errors="0" skipped="0" failures="0">
  <properties>
    <property name="java.specification.version" value="24"/>
    <property name="sun.cpu.isalist" value="amd64"/>
    <property name="sun.jnu.encoding" value="Cp1252"/>
    <property name="java.class.path" value="C:\Users\kmoha\Desktop\cognizant_deepskill\Week2_PLSQL_JUNit,MockitoAndSJ4J\Junit,MockitoAndSL4J\01_JUnit_Basic_testing_exercises\04_AAA_Pattern_JUnit\code\demo\target\test-classes;C:\Users\kmoha\Desktop\cognizant_deepskill\Week2_PLSQL_JUNit,MockitoAndSJ4J\Junit,MockitoAndSL4J\01_JUnit_Basic_testing_exercises\04_AAA_Pattern_JUnit\code\demo\target\classes;C:\Users\kmoha\.m2\repository\org\junit\jupiter\junit-jupiter-api\5.10.0\junit-jupiter-api-5.10.0.jar;C:\Users\kmoha\.m2\repository\org\opentest4j\opentest4j\1.3.0\opentest4j-1.3.0.jar;C:\Users\kmoha\.m2\repository\org\junit\platform\junit-platform-commons\1.10.0\junit-platform-commons-1.10.0.jar;C:\Users\kmoha\.m2\repository\org\apiguardian\apiguardian-api\1.1.2\apiguardian-api-1.1.2.jar;C:\Users\kmoha\.m2\repository\org\junit\jupiter\junit-jupiter-engine\5.10.0\junit-jupiter-engine-5.10.0.jar;C:\Users\kmoha\.m2\repository\org\junit\platform\junit-platform-engine\1.10.0\junit-platform-engine-1.10.0.jar;C:\Users\kmoha\.m2\repository\junit\junit\4.13.2\junit-4.13.2.jar;C:\Users\kmoha\.m2\repository\org\hamcrest\hamcrest-core\1.3\hamcrest-core-1.3.jar;C:\Users\kmoha\.m2\repository\org\junit\vintage\junit-vintage-engine\5.10.0\junit-vintage-engine-5.10.0.jar;"/>
    <property name="java.vm.vendor" value="Oracle Corporation"/>
    <property name="sun.arch.data.model" value="64"/>
    <property name="user.variant" value=""/>
    <property name="java.vendor.url" value="https://java.oracle.com/"/>
    <property name="user.timezone" value="Asia/Calcutta"/>
    <property name="os.name" value="Windows 11"/>
    <property name="java.vm.specification.version" value="24"/>
    <property name="sun.java.launcher" value="SUN_STANDARD"/>
    <property name="user.country" value="IN"/>
    <property name="sun.boot.library.path" value="C:\Program Files\Java\jdk-24\bin"/>
    <property name="sun.java.command" value="C:\Users\kmoha\AppData\Local\Temp\surefire9338297434994989072\surefirebooter-20250626192736523_3.jar C:\Users\kmoha\AppData\Local\Temp\surefire9338297434994989072 2025-06-26T19-27-36_299-jvmRun1 surefire-20250626192736523_1tmp surefire_0-20250626192736523_2tmp"/>
    <property name="jdk.debug" value="release"/>
    <property name="surefire.test.class.path" value="C:\Users\kmoha\Desktop\cognizant_deepskill\Week2_PLSQL_JUNit,MockitoAndSJ4J\Junit,MockitoAndSL4J\01_JUnit_Basic_testing_exercises\04_AAA_Pattern_JUnit\code\demo\target\test-classes;C:\Users\kmoha\Desktop\cognizant_deepskill\Week2_PLSQL_JUNit,MockitoAndSJ4J\Junit,MockitoAndSL4J\01_JUnit_Basic_testing_exercises\04_AAA_Pattern_JUnit\code\demo\target\classes;C:\Users\kmoha\.m2\repository\org\junit\jupiter\junit-jupiter-api\5.10.0\junit-jupiter-api-5.10.0.jar;C:\Users\kmoha\.m2\repository\org\opentest4j\opentest4j\1.3.0\opentest4j-1.3.0.jar;C:\Users\kmoha\.m2\repository\org\junit\platform\junit-platform-commons\1.10.0\junit-platform-commons-1.10.0.jar;C:\Users\kmoha\.m2\repository\org\apiguardian\apiguardian-api\1.1.2\apiguardian-api-1.1.2.jar;C:\Users\kmoha\.m2\repository\org\junit\jupiter\junit-jupiter-engine\5.10.0\junit-jupiter-engine-5.10.0.jar;C:\Users\kmoha\.m2\repository\org\junit\platform\junit-platform-engine\1.10.0\junit-platform-engine-1.10.0.jar;C:\Users\kmoha\.m2\repository\junit\junit\4.13.2\junit-4.13.2.jar;C:\Users\kmoha\.m2\repository\org\hamcrest\hamcrest-core\1.3\hamcrest-core-1.3.jar;C:\Users\kmoha\.m2\repository\org\junit\vintage\junit-vintage-engine\5.10.0\junit-vintage-engine-5.10.0.jar;"/>
    <property name="sun.cpu.endian" value="little"/>
    <property name="user.home" value="C:\Users\kmoha"/>
    <property name="user.language" value="en"/>
    <property name="java.specification.vendor" value="Oracle Corporation"/>
    <property name="java.version.date" value="2025-04-15"/>
    <property name="java.home" value="C:\Program Files\Java\jdk-24"/>
    <property name="file.separator" value="\"/>
    <property name="basedir" value="C:\Users\kmoha\Desktop\cognizant_deepskill\Week2_PLSQL_JUNit,MockitoAndSJ4J\Junit,MockitoAndSL4J\01_JUnit_Basic_testing_exercises\04_AAA_Pattern_JUnit\code\demo"/>
    <property name="java.vm.compressedOopsMode" value="Zero based"/>
    <property name="line.separator" value="&#10;"/>
    <property name="java.vm.specification.vendor" value="Oracle Corporation"/>
    <property name="java.specification.name" value="Java Platform API Specification"/>
    <property name="surefire.real.class.path" value="C:\Users\kmoha\AppData\Local\Temp\surefire9338297434994989072\surefirebooter-20250626192736523_3.jar"/>
    <property name="user.script" value=""/>
    <property name="sun.management.compiler" value="HotSpot 64-Bit Tiered Compilers"/>
    <property name="java.runtime.version" value="24.0.1+9-30"/>
    <property name="user.name" value="kmoha"/>
    <property name="stdout.encoding" value="Cp1252"/>
    <property name="path.separator" value=";"/>
    <property name="os.version" value="10.0"/>
    <property name="java.runtime.name" value="Java(TM) SE Runtime Environment"/>
    <property name="file.encoding" value="UTF-8"/>
    <property name="java.vm.name" value="Java HotSpot(TM) 64-Bit Server VM"/>
    <property name="localRepository" value="C:\Users\kmoha\.m2\repository"/>
    <property name="java.vendor.url.bug" value="https://bugreport.java.com/bugreport/"/>
    <property name="java.io.tmpdir" value="C:\Users\kmoha\AppData\Local\Temp\"/>
    <property name="java.version" value="24.0.1"/>
    <property name="user.dir" value="C:\Users\kmoha\Desktop\cognizant_deepskill\Week2_PLSQL_JUNit,MockitoAndSJ4J\Junit,MockitoAndSL4J\01_JUnit_Basic_testing_exercises\04_AAA_Pattern_JUnit\code\demo"/>
    <property name="os.arch" value="amd64"/>
    <property name="java.vm.specification.name" value="Java Virtual Machine Specification"/>
    <property name="sun.os.patch.level" value=""/>
    <property name="native.encoding" value="Cp1252"/>
    <property name="java.library.path" value="C:\Program Files\Java\jdk-24\bin;C:\Windows\Sun\Java\bin;C:\Windows\system32;C:\Windows;C:\app\kmoha\product\21c\dbhomeXE\bin;C:\Program Files\Common Files\Oracle\Java\javapath;C:\Python312\Scripts\;C:\Python312\;C:\Program Files\Python311\Scripts\;C:\Program Files\Python311\;C:\Windows\system32;C:\Windows;C:\Windows\System32\Wbem;C:\Windows\System32\WindowsPowerShell\v1.0\;C:\Windows\System32\OpenSSH\;C:\Program Files (x86)\NVIDIA Corporation\PhysX\Common;C:\Program Files\NVIDIA Corporation\NVIDIA NvDLISR;C:\Windows\system32;C:\Windows;C:\Windows\System32\Wbem;C:\Windows\System32\WindowsPowerShell\v1.0\;C:\Windows\System32\OpenSSH\;C:\Program Files\nodejs\;C:\ProgramData\chocolatey\bin;C:\Program Files (x86)\Microsoft SQL Server\160\DTS\Binn\;C:\Program Files\Git\cmd;C:\Program Files\Git\bin;C:\Program Files\Docker\Docker\resources\bin;C:\Program Files\Java\jdk-24\bin;C:\Program Files\Java\jdk-24\bin;C:\Users\kmoha\Downloads\apache-maven-3.9.10-bin\apache-maven-3.9.10\bin;C:\Users\kmoha\Downloads\apache-maven-3.9.10-bin\apache-maven-3.9.10\bin;C:\Program Files\MySQL\MySQL Shell 8.0\bin\;C:\Users\kmoha\AppData\Local\Microsoft\WindowsApps;C:\Users\kmoha\AppData\Local\Programs\Microsoft VS Code\bin;C:\Users\kmoha\AppData\Roaming\npm;C:\Program Files\MySQL\MySQL Server 8.0\bin;C:\Users\kmoha\AppData\Local\Programs\Windsurf\bin;C:\Users\kmoha\AppData\Local\Programs\cursor\resources\app\bin;C:\Program Files\Git\bin;C:\Program Files\Java\jdk-24\bin;;c:\Users\kmoha\AppData\Roaming\Code\User\globalStorage\github.copilot-chat\debugCommand;."/>
    <property name="java.vm.info" value="mixed mode, sharing"/>
    <property name="stderr.encoding" value="Cp1252"/>
    <property name="java.vendor" value="Oracle Corporation"/>
    <property name="java.vm.version" value="24.0.1+9-30"/>
    <property name="sun.io.unicode.encoding" value="UnicodeLittle"/>
    <property name="java.class.version" value="68.0"/>
  </properties>
  <testcase name="testMultiplication" classname="com.example.CalculatorTest" time="0.004">
    <system-out><![CDATA[Before each test - Calculator instance created
After each test - Cleanup if needed
]]></system-out>
  </testcase>
  <testcase name="testAddition" classname="com.example.CalculatorTest" time="0.001">
    <system-out><![CDATA[Before each test - Calculator instance created
After each test - Cleanup if needed
]]></system-out>
  </testcase>
  <testcase name="testSubtraction" classname="com.example.CalculatorTest" time="0.001">
    <system-out><![CDATA[Before each test - Calculator instance created
After each test - Cleanup if needed
]]></system-out>
  </testcase>
</testsuite>